<?xml version="1.0" encoding="UTF-8"?>
<robot generator="Robot 4.1.1 (Python 3.7.5 on win32)" generated="20220418 14:10:04.663" rpa="false" schemaversion="2">
<suite id="s1" name="Tests" source="D:\Robot Projects\New_IWEC_Project\Tests">
<suite id="s1-s1" name="Login" source="D:\Robot Projects\New_IWEC_Project\Tests\Login.robot">
<test id="s1-s1-t1" name="TC0001_Login with valid credintials">
<kw name="Open app" library="Common" type="SETUP">
<kw name="Open Browser" library="SeleniumLibrary">
<arg>${Homepage_URL}</arg>
<arg>${browser}</arg>
<doc>Opens a new browser instance to the optional ``url``.</doc>
<msg timestamp="20220418 14:10:04.841" level="INFO">Opening browser 'chrome' to base url 'http://qacourse.churlinoski.mk/'.</msg>
<status status="PASS" starttime="20220418 14:10:04.841" endtime="20220418 14:10:07.912"/>
</kw>
<kw name="Maximize Browser Window" library="SeleniumLibrary">
<doc>Maximizes current browser window.</doc>
<status status="PASS" starttime="20220418 14:10:07.912" endtime="20220418 14:10:08.033"/>
</kw>
<status status="PASS" starttime="20220418 14:10:04.840" endtime="20220418 14:10:08.033"/>
</kw>
<kw name="Navigate to Login/Register page" library="Login">
<kw name="Click Element" library="SeleniumLibrary">
<arg>${LoginREgisterBtn_TopMenu}</arg>
<doc>Click the element identified by ``locator``.</doc>
<msg timestamp="20220418 14:10:08.035" level="INFO">Clicking element '//div[@class="tools-icon my-account"]'.</msg>
<status status="PASS" starttime="20220418 14:10:08.034" endtime="20220418 14:10:08.512"/>
</kw>
<kw name="Element Text Should Be" library="SeleniumLibrary">
<arg>${LoginLabel_LoginPage}</arg>
<arg>Login</arg>
<doc>Verifies that element ``locator`` contains exact the text ``expected``.</doc>
<msg timestamp="20220418 14:10:08.512" level="INFO">Verifying element '//div[@class="u-column1 col-1"]/h2' contains exact text 'Login'.</msg>
<status status="PASS" starttime="20220418 14:10:08.512" endtime="20220418 14:10:08.535"/>
</kw>
<status status="PASS" starttime="20220418 14:10:08.033" endtime="20220418 14:10:08.536"/>
</kw>
<kw name="Login User" library="Login">
<arg>${Valid_Login_Username}</arg>
<arg>${Valid_Login_Password}</arg>
<kw name="Input Text" library="SeleniumLibrary">
<arg>${UsernameINput_Login}</arg>
<arg>${arg1}</arg>
<doc>Types the given ``text`` into the text field identified by ``locator``.</doc>
<msg timestamp="20220418 14:10:08.536" level="INFO">Typing text 'nikola.iw454' into text field 'id:username'.</msg>
<status status="PASS" starttime="20220418 14:10:08.536" endtime="20220418 14:10:08.615"/>
</kw>
<kw name="Input Password" library="SeleniumLibrary">
<arg>${PasswordInput_Login}</arg>
<arg>${arg2}</arg>
<doc>Types the given password into the text field identified by ``locator``.</doc>
<msg timestamp="20220418 14:10:08.615" level="INFO">Typing password into text field 'name:password'.</msg>
<msg timestamp="20220418 14:10:08.656" level="INFO">Temporally setting log level to: NONE</msg>
<msg timestamp="20220418 14:10:08.700" level="INFO">Log level changed from NONE to INFO.</msg>
<status status="PASS" starttime="20220418 14:10:08.615" endtime="20220418 14:10:08.700"/>
</kw>
<kw name="Click Button" library="SeleniumLibrary">
<arg>${LoginBtn_LoginPage}</arg>
<doc>Clicks the button identified by ``locator``.</doc>
<msg timestamp="20220418 14:10:08.701" level="INFO">Clicking button '//*[@name="login"]'.</msg>
<status status="PASS" starttime="20220418 14:10:08.700" endtime="20220418 14:10:09.233"/>
</kw>
<status status="PASS" starttime="20220418 14:10:08.536" endtime="20220418 14:10:09.233"/>
</kw>
<kw name="Verify that user is logged in" library="Login">
<kw name="Wait Until Element Is Visible" library="SeleniumLibrary">
<arg>//li[@class="woocommerce-MyAccount-navigation-link woocommerce-MyAccount-navigation-link--dashboard is-active"]</arg>
<doc>Waits until the element ``locator`` is visible.</doc>
<status status="PASS" starttime="20220418 14:10:09.234" endtime="20220418 14:10:09.256"/>
</kw>
<kw name="Element Text Should Be" library="SeleniumLibrary">
<arg>//li[@class="woocommerce-MyAccount-navigation-link woocommerce-MyAccount-navigation-link--dashboard is-active"]</arg>
<arg>Dashboard</arg>
<doc>Verifies that element ``locator`` contains exact the text ``expected``.</doc>
<msg timestamp="20220418 14:10:09.257" level="INFO">Verifying element '//li[@class="woocommerce-MyAccount-navigation-link woocommerce-MyAccount-navigation-link--dashboard is-active"]' contains exact text 'Dashboard'.</msg>
<status status="PASS" starttime="20220418 14:10:09.256" endtime="20220418 14:10:09.276"/>
</kw>
<kw name="Element Text Should Be" library="SeleniumLibrary">
<arg>//*[@id="post-9"]/div/div/p[1]/strong[1]</arg>
<arg>nikola.iw454</arg>
<doc>Verifies that element ``locator`` contains exact the text ``expected``.</doc>
<msg timestamp="20220418 14:10:09.276" level="INFO">Verifying element '//*[@id="post-9"]/div/div/p[1]/strong[1]' contains exact text 'nikola.iw454'.</msg>
<status status="PASS" starttime="20220418 14:10:09.276" endtime="20220418 14:10:09.297"/>
</kw>
<status status="PASS" starttime="20220418 14:10:09.233" endtime="20220418 14:10:09.298"/>
</kw>
<kw name="Close Browser" library="SeleniumLibrary" type="TEARDOWN">
<doc>Closes the current browser.</doc>
<status status="PASS" starttime="20220418 14:10:09.298" endtime="20220418 14:10:11.375"/>
</kw>
<status status="PASS" starttime="20220418 14:10:04.840" endtime="20220418 14:10:11.375"/>
</test>
<test id="s1-s1-t2" name="TC0002_Login with wrong username">
<kw name="Open app" library="Common" type="SETUP">
<kw name="Open Browser" library="SeleniumLibrary">
<arg>${Homepage_URL}</arg>
<arg>${browser}</arg>
<doc>Opens a new browser instance to the optional ``url``.</doc>
<msg timestamp="20220418 14:10:11.381" level="INFO">Opening browser 'chrome' to base url 'http://qacourse.churlinoski.mk/'.</msg>
<status status="PASS" starttime="20220418 14:10:11.380" endtime="20220418 14:10:13.417"/>
</kw>
<kw name="Maximize Browser Window" library="SeleniumLibrary">
<doc>Maximizes current browser window.</doc>
<status status="PASS" starttime="20220418 14:10:13.417" endtime="20220418 14:10:13.542"/>
</kw>
<status status="PASS" starttime="20220418 14:10:11.379" endtime="20220418 14:10:13.542"/>
</kw>
<kw name="Navigate to Login/Register page" library="Login">
<kw name="Click Element" library="SeleniumLibrary">
<arg>${LoginREgisterBtn_TopMenu}</arg>
<doc>Click the element identified by ``locator``.</doc>
<msg timestamp="20220418 14:10:13.543" level="INFO">Clicking element '//div[@class="tools-icon my-account"]'.</msg>
<status status="PASS" starttime="20220418 14:10:13.543" endtime="20220418 14:10:14.012"/>
</kw>
<kw name="Element Text Should Be" library="SeleniumLibrary">
<arg>${LoginLabel_LoginPage}</arg>
<arg>Login</arg>
<doc>Verifies that element ``locator`` contains exact the text ``expected``.</doc>
<msg timestamp="20220418 14:10:14.013" level="INFO">Verifying element '//div[@class="u-column1 col-1"]/h2' contains exact text 'Login'.</msg>
<status status="PASS" starttime="20220418 14:10:14.012" endtime="20220418 14:10:14.035"/>
</kw>
<status status="PASS" starttime="20220418 14:10:13.542" endtime="20220418 14:10:14.035"/>
</kw>
<kw name="Login User" library="Login">
<arg>${Wrong_Login_Username}</arg>
<arg>${Valid_Login_Password}</arg>
<kw name="Input Text" library="SeleniumLibrary">
<arg>${UsernameINput_Login}</arg>
<arg>${arg1}</arg>
<doc>Types the given ``text`` into the text field identified by ``locator``.</doc>
<msg timestamp="20220418 14:10:14.036" level="INFO">Typing text 'nikola938430984' into text field 'id:username'.</msg>
<status status="PASS" starttime="20220418 14:10:14.036" endtime="20220418 14:10:14.124"/>
</kw>
<kw name="Input Password" library="SeleniumLibrary">
<arg>${PasswordInput_Login}</arg>
<arg>${arg2}</arg>
<doc>Types the given password into the text field identified by ``locator``.</doc>
<msg timestamp="20220418 14:10:14.125" level="INFO">Typing password into text field 'name:password'.</msg>
<msg timestamp="20220418 14:10:14.160" level="INFO">Temporally setting log level to: NONE</msg>
<msg timestamp="20220418 14:10:14.205" level="INFO">Log level changed from NONE to INFO.</msg>
<status status="PASS" starttime="20220418 14:10:14.124" endtime="20220418 14:10:14.205"/>
</kw>
<kw name="Click Button" library="SeleniumLibrary">
<arg>${LoginBtn_LoginPage}</arg>
<doc>Clicks the button identified by ``locator``.</doc>
<msg timestamp="20220418 14:10:14.205" level="INFO">Clicking button '//*[@name="login"]'.</msg>
<status status="PASS" starttime="20220418 14:10:14.205" endtime="20220418 14:10:14.609"/>
</kw>
<status status="PASS" starttime="20220418 14:10:14.035" endtime="20220418 14:10:14.609"/>
</kw>
<kw name="Verify Errror message durring Login" library="Login">
<arg>${ErrorMessage_WrongUsername_Login}</arg>
<kw name="Element Should Contain" library="SeleniumLibrary">
<arg>${ErrorMessage_Locator_Login}</arg>
<arg>${Error_text}</arg>
<doc>Verifies that element ``locator`` contains text ``expected``.</doc>
<msg timestamp="20220418 14:10:14.633" level="INFO">Element '//ul[@class="woocommerce-error"]' contains text 'is not registered on this site. If you are unsure of your username, try your email address instead.'.</msg>
<status status="PASS" starttime="20220418 14:10:14.610" endtime="20220418 14:10:14.634"/>
</kw>
<status status="PASS" starttime="20220418 14:10:14.610" endtime="20220418 14:10:14.634"/>
</kw>
<kw name="Close Browser" library="SeleniumLibrary" type="TEARDOWN">
<doc>Closes the current browser.</doc>
<status status="PASS" starttime="20220418 14:10:14.634" endtime="20220418 14:10:16.689"/>
</kw>
<status status="PASS" starttime="20220418 14:10:11.377" endtime="20220418 14:10:16.689"/>
</test>
<test id="s1-s1-t3" name="TC0003_Login with empty username">
<kw name="Open app" library="Common" type="SETUP">
<kw name="Open Browser" library="SeleniumLibrary">
<arg>${Homepage_URL}</arg>
<arg>${browser}</arg>
<doc>Opens a new browser instance to the optional ``url``.</doc>
<msg timestamp="20220418 14:10:16.691" level="INFO">Opening browser 'chrome' to base url 'http://qacourse.churlinoski.mk/'.</msg>
<status status="PASS" starttime="20220418 14:10:16.690" endtime="20220418 14:10:18.664"/>
</kw>
<kw name="Maximize Browser Window" library="SeleniumLibrary">
<doc>Maximizes current browser window.</doc>
<status status="PASS" starttime="20220418 14:10:18.664" endtime="20220418 14:10:18.784"/>
</kw>
<status status="PASS" starttime="20220418 14:10:16.690" endtime="20220418 14:10:18.784"/>
</kw>
<kw name="Navigate to Login/Register page" library="Login">
<kw name="Click Element" library="SeleniumLibrary">
<arg>${LoginREgisterBtn_TopMenu}</arg>
<doc>Click the element identified by ``locator``.</doc>
<msg timestamp="20220418 14:10:18.785" level="INFO">Clicking element '//div[@class="tools-icon my-account"]'.</msg>
<status status="PASS" starttime="20220418 14:10:18.785" endtime="20220418 14:10:19.290"/>
</kw>
<kw name="Element Text Should Be" library="SeleniumLibrary">
<arg>${LoginLabel_LoginPage}</arg>
<arg>Login</arg>
<doc>Verifies that element ``locator`` contains exact the text ``expected``.</doc>
<msg timestamp="20220418 14:10:19.291" level="INFO">Verifying element '//div[@class="u-column1 col-1"]/h2' contains exact text 'Login'.</msg>
<status status="PASS" starttime="20220418 14:10:19.290" endtime="20220418 14:10:19.313"/>
</kw>
<status status="PASS" starttime="20220418 14:10:18.784" endtime="20220418 14:10:19.313"/>
</kw>
<kw name="Login User" library="Login">
<arg>${EMPTY}</arg>
<arg>${Valid_Login_Password}</arg>
<kw name="Input Text" library="SeleniumLibrary">
<arg>${UsernameINput_Login}</arg>
<arg>${arg1}</arg>
<doc>Types the given ``text`` into the text field identified by ``locator``.</doc>
<msg timestamp="20220418 14:10:19.315" level="INFO">Typing text '' into text field 'id:username'.</msg>
<status status="PASS" starttime="20220418 14:10:19.315" endtime="20220418 14:10:19.384"/>
</kw>
<kw name="Input Password" library="SeleniumLibrary">
<arg>${PasswordInput_Login}</arg>
<arg>${arg2}</arg>
<doc>Types the given password into the text field identified by ``locator``.</doc>
<msg timestamp="20220418 14:10:19.385" level="INFO">Typing password into text field 'name:password'.</msg>
<msg timestamp="20220418 14:10:19.422" level="INFO">Temporally setting log level to: NONE</msg>
<msg timestamp="20220418 14:10:19.465" level="INFO">Log level changed from NONE to INFO.</msg>
<status status="PASS" starttime="20220418 14:10:19.385" endtime="20220418 14:10:19.465"/>
</kw>
<kw name="Click Button" library="SeleniumLibrary">
<arg>${LoginBtn_LoginPage}</arg>
<doc>Clicks the button identified by ``locator``.</doc>
<msg timestamp="20220418 14:10:19.466" level="INFO">Clicking button '//*[@name="login"]'.</msg>
<status status="PASS" starttime="20220418 14:10:19.465" endtime="20220418 14:10:19.873"/>
</kw>
<status status="PASS" starttime="20220418 14:10:19.314" endtime="20220418 14:10:19.873"/>
</kw>
<kw name="Verify Errror message durring Login" library="Login">
<arg>${EmptyUser_Error_message}</arg>
<kw name="Element Should Contain" library="SeleniumLibrary">
<arg>${ErrorMessage_Locator_Login}</arg>
<arg>${Error_text}</arg>
<doc>Verifies that element ``locator`` contains text ``expected``.</doc>
<msg timestamp="20220418 14:10:19.897" level="INFO">Element '//ul[@class="woocommerce-error"]' contains text 'Error: Username is required.'.</msg>
<status status="PASS" starttime="20220418 14:10:19.874" endtime="20220418 14:10:19.897"/>
</kw>
<status status="PASS" starttime="20220418 14:10:19.873" endtime="20220418 14:10:19.897"/>
</kw>
<kw name="Close Browser" library="SeleniumLibrary" type="TEARDOWN">
<doc>Closes the current browser.</doc>
<status status="PASS" starttime="20220418 14:10:19.897" endtime="20220418 14:10:21.968"/>
</kw>
<status status="PASS" starttime="20220418 14:10:16.689" endtime="20220418 14:10:21.968"/>
</test>
<status status="PASS" starttime="20220418 14:10:04.692" endtime="20220418 14:10:21.971"/>
</suite>
<suite id="s1-s2" name="PDP" source="D:\Robot Projects\New_IWEC_Project\Tests\PDP.robot">
<test id="s1-s2-t1" name="PDP TC1">
<kw name="Log" library="BuiltIn">
<arg>PDP test1</arg>
<doc>Logs the given message with the given level.</doc>
<msg timestamp="20220418 14:10:21.991" level="INFO">PDP test1</msg>
<status status="PASS" starttime="20220418 14:10:21.990" endtime="20220418 14:10:21.991"/>
</kw>
<status status="PASS" starttime="20220418 14:10:21.988" endtime="20220418 14:10:21.992"/>
</test>
<status status="PASS" starttime="20220418 14:10:21.977" endtime="20220418 14:10:21.993"/>
</suite>
<suite id="s1-s3" name="Register" source="D:\Robot Projects\New_IWEC_Project\Tests\Register.robot">
<test id="s1-s3-t1" name="TC0004_Register user with valid credintials">
<kw name="Open app" library="Common" type="SETUP">
<kw name="Open Browser" library="SeleniumLibrary">
<arg>${Homepage_URL}</arg>
<arg>${browser}</arg>
<doc>Opens a new browser instance to the optional ``url``.</doc>
<msg timestamp="20220418 14:10:22.041" level="INFO">Opening browser 'chrome' to base url 'http://qacourse.churlinoski.mk/'.</msg>
<status status="PASS" starttime="20220418 14:10:22.040" endtime="20220418 14:10:24.022"/>
</kw>
<kw name="Maximize Browser Window" library="SeleniumLibrary">
<doc>Maximizes current browser window.</doc>
<status status="PASS" starttime="20220418 14:10:24.022" endtime="20220418 14:10:24.157"/>
</kw>
<status status="PASS" starttime="20220418 14:10:22.039" endtime="20220418 14:10:24.158"/>
</kw>
<kw name="Navigate to Login/Register page" library="Login">
<kw name="Click Element" library="SeleniumLibrary">
<arg>${LoginREgisterBtn_TopMenu}</arg>
<doc>Click the element identified by ``locator``.</doc>
<msg timestamp="20220418 14:10:24.161" level="INFO">Clicking element '//div[@class="tools-icon my-account"]'.</msg>
<status status="PASS" starttime="20220418 14:10:24.160" endtime="20220418 14:10:24.558"/>
</kw>
<kw name="Element Text Should Be" library="SeleniumLibrary">
<arg>${LoginLabel_LoginPage}</arg>
<arg>Login</arg>
<doc>Verifies that element ``locator`` contains exact the text ``expected``.</doc>
<msg timestamp="20220418 14:10:24.559" level="INFO">Verifying element '//div[@class="u-column1 col-1"]/h2' contains exact text 'Login'.</msg>
<status status="PASS" starttime="20220418 14:10:24.558" endtime="20220418 14:10:24.580"/>
</kw>
<status status="PASS" starttime="20220418 14:10:24.159" endtime="20220418 14:10:24.580"/>
</kw>
<kw name="Generate Random Username" library="Register">
<kw name="Generate Random String" library="String">
<var>${random1}</var>
<arg>12</arg>
<arg>[NUMBERS]</arg>
<doc>Generates a string with a desired ``length`` from the given ``chars``.</doc>
<msg timestamp="20220418 14:10:24.581" level="INFO">${random1} = 067143144951</msg>
<status status="PASS" starttime="20220418 14:10:24.581" endtime="20220418 14:10:24.581"/>
</kw>
<kw name="Catenate" library="BuiltIn">
<var>${RandomUsername}</var>
<arg>User${random1}</arg>
<doc>Catenates the given items together and returns the resulted string.</doc>
<msg timestamp="20220418 14:10:24.581" level="INFO">${RandomUsername} = User067143144951</msg>
<status status="PASS" starttime="20220418 14:10:24.581" endtime="20220418 14:10:24.581"/>
</kw>
<kw name="Set Global Variable" library="BuiltIn">
<arg>${RandomUsername}</arg>
<doc>Makes a variable available globally in all tests and suites.</doc>
<msg timestamp="20220418 14:10:24.582" level="INFO">${RandomUsername} = User067143144951</msg>
<status status="PASS" starttime="20220418 14:10:24.581" endtime="20220418 14:10:24.582"/>
</kw>
<status status="PASS" starttime="20220418 14:10:24.580" endtime="20220418 14:10:24.582"/>
</kw>
<kw name="Generate Random Email" library="Register">
<kw name="Generate Random String" library="String">
<var>${random2}</var>
<arg>15</arg>
<arg>[LOWER]</arg>
<doc>Generates a string with a desired ``length`` from the given ``chars``.</doc>
<msg timestamp="20220418 14:10:24.583" level="INFO">${random2} = kqjfobnpfzybgvm</msg>
<status status="PASS" starttime="20220418 14:10:24.582" endtime="20220418 14:10:24.583"/>
</kw>
<kw name="Catenate" library="BuiltIn">
<var>${randomEmail}</var>
<arg>${random2}@example.com</arg>
<doc>Catenates the given items together and returns the resulted string.</doc>
<msg timestamp="20220418 14:10:24.583" level="INFO">${randomEmail} = kqjfobnpfzybgvm@example.com</msg>
<status status="PASS" starttime="20220418 14:10:24.583" endtime="20220418 14:10:24.583"/>
</kw>
<kw name="Set Global Variable" library="BuiltIn">
<arg>${randomEmail}</arg>
<doc>Makes a variable available globally in all tests and suites.</doc>
<msg timestamp="20220418 14:10:24.583" level="INFO">${randomEmail} = kqjfobnpfzybgvm@example.com</msg>
<status status="PASS" starttime="20220418 14:10:24.583" endtime="20220418 14:10:24.584"/>
</kw>
<status status="PASS" starttime="20220418 14:10:24.582" endtime="20220418 14:10:24.584"/>
</kw>
<kw name="Generate Random Password" library="Register">
<kw name="Generate Random String" library="String">
<var>${randomPassword}</var>
<arg>15</arg>
<doc>Generates a string with a desired ``length`` from the given ``chars``.</doc>
<msg timestamp="20220418 14:10:24.584" level="INFO">${randomPassword} = NZoNKpgrgVv1zFy</msg>
<status status="PASS" starttime="20220418 14:10:24.584" endtime="20220418 14:10:24.584"/>
</kw>
<kw name="Set Global Variable" library="BuiltIn">
<arg>${randomPassword}</arg>
<doc>Makes a variable available globally in all tests and suites.</doc>
<msg timestamp="20220418 14:10:24.585" level="INFO">${randomPassword} = NZoNKpgrgVv1zFy</msg>
<status status="PASS" starttime="20220418 14:10:24.585" endtime="20220418 14:10:24.585"/>
</kw>
<status status="PASS" starttime="20220418 14:10:24.584" endtime="20220418 14:10:24.585"/>
</kw>
<kw name="Register User" library="Register">
<arg>${RandomUsername}</arg>
<arg>${randomEmail}</arg>
<arg>${randomPassword}</arg>
<kw name="Input Text" library="SeleniumLibrary">
<arg>${UsernameInput_Register}</arg>
<arg>${username}</arg>
<doc>Types the given ``text`` into the text field identified by ``locator``.</doc>
<msg timestamp="20220418 14:10:24.586" level="INFO">Typing text 'User067143144951' into text field 'id:reg_username'.</msg>
<status status="PASS" starttime="20220418 14:10:24.586" endtime="20220418 14:10:24.674"/>
</kw>
<kw name="Input Text" library="SeleniumLibrary">
<arg>${EmailInput_Register}</arg>
<arg>${email}</arg>
<doc>Types the given ``text`` into the text field identified by ``locator``.</doc>
<msg timestamp="20220418 14:10:24.674" level="INFO">Typing text 'kqjfobnpfzybgvm@example.com' into text field 'id:reg_email'.</msg>
<status status="PASS" starttime="20220418 14:10:24.674" endtime="20220418 14:10:24.828"/>
</kw>
<kw name="Input Password" library="SeleniumLibrary">
<arg>${PasswordInput_Register}</arg>
<arg>${password}</arg>
<doc>Types the given password into the text field identified by ``locator``.</doc>
<msg timestamp="20220418 14:10:24.829" level="INFO">Typing password into text field 'id:reg_password'.</msg>
<msg timestamp="20220418 14:10:24.865" level="INFO">Temporally setting log level to: NONE</msg>
<msg timestamp="20220418 14:10:24.952" level="INFO">Log level changed from NONE to INFO.</msg>
<status status="PASS" starttime="20220418 14:10:24.829" endtime="20220418 14:10:24.952"/>
</kw>
<kw name="Wait Until Keyword Succeeds" library="BuiltIn">
<arg>20</arg>
<arg>2</arg>
<arg>Click Element</arg>
<arg>${RegisterBtn}</arg>
<doc>Runs the specified keyword and retries if it fails.</doc>
<kw name="Click Element" library="SeleniumLibrary">
<arg>${RegisterBtn}</arg>
<doc>Click the element identified by ``locator``.</doc>
<msg timestamp="20220418 14:10:24.953" level="INFO">Clicking element '//*[@id="customer_login"]/div[2]/form/p[4]/button'.</msg>
<kw name="Capture Page Screenshot" library="SeleniumLibrary">
<doc>Takes a screenshot of the current page and embeds it into a log file.</doc>
<msg timestamp="20220418 14:10:26.239" level="INFO" html="true">&lt;/td&gt;&lt;/tr&gt;&lt;tr&gt;&lt;td colspan="3"&gt;&lt;a href="selenium-screenshot-1.png"&gt;&lt;img src="selenium-screenshot-1.png" width="800px"&gt;&lt;/a&gt;</msg>
<status status="PASS" starttime="20220418 14:10:26.049" endtime="20220418 14:10:26.239"/>
</kw>
<msg timestamp="20220418 14:10:26.266" level="FAIL">ElementClickInterceptedException: Message: element click intercepted: Element &lt;button type="submit" class="woocommerce-Button woocommerce-button button woocommerce-form-register__submit" name="register" value="..."&gt;Register&lt;/button&gt; is not clickable at point (604, 604). Other element would receive the click: &lt;p class="woocommerce-store-notice demo_store" data-notice-id="195295ccb9237dddeb7d7689d6f0d53f" style=""&gt;...&lt;/p&gt;
  (Session info: chrome=100.0.4896.88)
</msg>
<status status="FAIL" starttime="20220418 14:10:24.952" endtime="20220418 14:10:26.266"/>
</kw>
<kw name="Click Element" library="SeleniumLibrary">
<arg>${RegisterBtn}</arg>
<doc>Click the element identified by ``locator``.</doc>
<msg timestamp="20220418 14:10:28.275" level="INFO">Clicking element '//*[@id="customer_login"]/div[2]/form/p[4]/button'.</msg>
<kw name="Capture Page Screenshot" library="SeleniumLibrary">
<doc>Takes a screenshot of the current page and embeds it into a log file.</doc>
<msg timestamp="20220418 14:10:29.357" level="INFO" html="true">&lt;/td&gt;&lt;/tr&gt;&lt;tr&gt;&lt;td colspan="3"&gt;&lt;a href="selenium-screenshot-2.png"&gt;&lt;img src="selenium-screenshot-2.png" width="800px"&gt;&lt;/a&gt;</msg>
<status status="PASS" starttime="20220418 14:10:29.306" endtime="20220418 14:10:29.357"/>
</kw>
<msg timestamp="20220418 14:10:29.358" level="FAIL">ElementClickInterceptedException: Message: element click intercepted: Element &lt;button type="submit" class="woocommerce-Button woocommerce-button button woocommerce-form-register__submit" name="register" value="..."&gt;Register&lt;/button&gt; is not clickable at point (604, 604). Other element would receive the click: &lt;p class="woocommerce-store-notice demo_store" data-notice-id="195295ccb9237dddeb7d7689d6f0d53f" style=""&gt;...&lt;/p&gt;
  (Session info: chrome=100.0.4896.88)
</msg>
<status status="FAIL" starttime="20220418 14:10:28.275" endtime="20220418 14:10:29.358"/>
</kw>
<kw name="Click Element" library="SeleniumLibrary">
<arg>${RegisterBtn}</arg>
<doc>Click the element identified by ``locator``.</doc>
<msg timestamp="20220418 14:10:31.370" level="INFO">Clicking element '//*[@id="customer_login"]/div[2]/form/p[4]/button'.</msg>
<kw name="Capture Page Screenshot" library="SeleniumLibrary">
<doc>Takes a screenshot of the current page and embeds it into a log file.</doc>
<msg timestamp="20220418 14:10:32.500" level="INFO" html="true">&lt;/td&gt;&lt;/tr&gt;&lt;tr&gt;&lt;td colspan="3"&gt;&lt;a href="selenium-screenshot-3.png"&gt;&lt;img src="selenium-screenshot-3.png" width="800px"&gt;&lt;/a&gt;</msg>
<status status="PASS" starttime="20220418 14:10:32.433" endtime="20220418 14:10:32.500"/>
</kw>
<msg timestamp="20220418 14:10:32.501" level="FAIL">ElementClickInterceptedException: Message: element click intercepted: Element &lt;button type="submit" class="woocommerce-Button woocommerce-button button woocommerce-form-register__submit" name="register" value="..."&gt;Register&lt;/button&gt; is not clickable at point (604, 604). Other element would receive the click: &lt;p class="woocommerce-store-notice demo_store" data-notice-id="195295ccb9237dddeb7d7689d6f0d53f" style=""&gt;...&lt;/p&gt;
  (Session info: chrome=100.0.4896.88)
</msg>
<status status="FAIL" starttime="20220418 14:10:31.370" endtime="20220418 14:10:32.501"/>
</kw>
<kw name="Click Element" library="SeleniumLibrary">
<arg>${RegisterBtn}</arg>
<doc>Click the element identified by ``locator``.</doc>
<msg timestamp="20220418 14:10:34.509" level="INFO">Clicking element '//*[@id="customer_login"]/div[2]/form/p[4]/button'.</msg>
<kw name="Capture Page Screenshot" library="SeleniumLibrary">
<doc>Takes a screenshot of the current page and embeds it into a log file.</doc>
<msg timestamp="20220418 14:10:35.732" level="INFO" html="true">&lt;/td&gt;&lt;/tr&gt;&lt;tr&gt;&lt;td colspan="3"&gt;&lt;a href="selenium-screenshot-4.png"&gt;&lt;img src="selenium-screenshot-4.png" width="800px"&gt;&lt;/a&gt;</msg>
<status status="PASS" starttime="20220418 14:10:35.646" endtime="20220418 14:10:35.732"/>
</kw>
<msg timestamp="20220418 14:10:35.733" level="FAIL">ElementClickInterceptedException: Message: element click intercepted: Element &lt;button type="submit" class="woocommerce-Button woocommerce-button button woocommerce-form-register__submit" name="register" value="..."&gt;Register&lt;/button&gt; is not clickable at point (604, 604). Other element would receive the click: &lt;p class="woocommerce-store-notice demo_store" data-notice-id="195295ccb9237dddeb7d7689d6f0d53f" style=""&gt;...&lt;/p&gt;
  (Session info: chrome=100.0.4896.88)
</msg>
<status status="FAIL" starttime="20220418 14:10:34.507" endtime="20220418 14:10:35.733"/>
</kw>
<kw name="Click Element" library="SeleniumLibrary">
<arg>${RegisterBtn}</arg>
<doc>Click the element identified by ``locator``.</doc>
<msg timestamp="20220418 14:10:37.741" level="INFO">Clicking element '//*[@id="customer_login"]/div[2]/form/p[4]/button'.</msg>
<kw name="Capture Page Screenshot" library="SeleniumLibrary">
<doc>Takes a screenshot of the current page and embeds it into a log file.</doc>
<msg timestamp="20220418 14:10:38.869" level="INFO" html="true">&lt;/td&gt;&lt;/tr&gt;&lt;tr&gt;&lt;td colspan="3"&gt;&lt;a href="selenium-screenshot-5.png"&gt;&lt;img src="selenium-screenshot-5.png" width="800px"&gt;&lt;/a&gt;</msg>
<status status="PASS" starttime="20220418 14:10:38.798" endtime="20220418 14:10:38.870"/>
</kw>
<msg timestamp="20220418 14:10:38.871" level="FAIL">ElementClickInterceptedException: Message: element click intercepted: Element &lt;button type="submit" class="woocommerce-Button woocommerce-button button woocommerce-form-register__submit" name="register" value="..."&gt;Register&lt;/button&gt; is not clickable at point (604, 604). Other element would receive the click: &lt;p class="woocommerce-store-notice demo_store" data-notice-id="195295ccb9237dddeb7d7689d6f0d53f" style=""&gt;...&lt;/p&gt;
  (Session info: chrome=100.0.4896.88)
</msg>
<status status="FAIL" starttime="20220418 14:10:37.741" endtime="20220418 14:10:38.871"/>
</kw>
<kw name="Click Element" library="SeleniumLibrary">
<arg>${RegisterBtn}</arg>
<doc>Click the element identified by ``locator``.</doc>
<msg timestamp="20220418 14:10:40.881" level="INFO">Clicking element '//*[@id="customer_login"]/div[2]/form/p[4]/button'.</msg>
<kw name="Capture Page Screenshot" library="SeleniumLibrary">
<doc>Takes a screenshot of the current page and embeds it into a log file.</doc>
<msg timestamp="20220418 14:10:42.019" level="INFO" html="true">&lt;/td&gt;&lt;/tr&gt;&lt;tr&gt;&lt;td colspan="3"&gt;&lt;a href="selenium-screenshot-6.png"&gt;&lt;img src="selenium-screenshot-6.png" width="800px"&gt;&lt;/a&gt;</msg>
<status status="PASS" starttime="20220418 14:10:41.931" endtime="20220418 14:10:42.019"/>
</kw>
<msg timestamp="20220418 14:10:42.020" level="FAIL">ElementClickInterceptedException: Message: element click intercepted: Element &lt;button type="submit" class="woocommerce-Button woocommerce-button button woocommerce-form-register__submit" name="register" value="..."&gt;Register&lt;/button&gt; is not clickable at point (604, 604). Other element would receive the click: &lt;p class="woocommerce-store-notice demo_store" data-notice-id="195295ccb9237dddeb7d7689d6f0d53f" style=""&gt;...&lt;/p&gt;
  (Session info: chrome=100.0.4896.88)
</msg>
<status status="FAIL" starttime="20220418 14:10:40.881" endtime="20220418 14:10:42.020"/>
</kw>
<kw name="Click Element" library="SeleniumLibrary">
<arg>${RegisterBtn}</arg>
<doc>Click the element identified by ``locator``.</doc>
<msg timestamp="20220418 14:10:44.022" level="INFO">Clicking element '//*[@id="customer_login"]/div[2]/form/p[4]/button'.</msg>
<kw name="Capture Page Screenshot" library="SeleniumLibrary">
<doc>Takes a screenshot of the current page and embeds it into a log file.</doc>
<msg timestamp="20220418 14:10:45.174" level="INFO" html="true">&lt;/td&gt;&lt;/tr&gt;&lt;tr&gt;&lt;td colspan="3"&gt;&lt;a href="selenium-screenshot-7.png"&gt;&lt;img src="selenium-screenshot-7.png" width="800px"&gt;&lt;/a&gt;</msg>
<status status="PASS" starttime="20220418 14:10:45.113" endtime="20220418 14:10:45.174"/>
</kw>
<msg timestamp="20220418 14:10:45.175" level="FAIL">ElementClickInterceptedException: Message: element click intercepted: Element &lt;button type="submit" class="woocommerce-Button woocommerce-button button woocommerce-form-register__submit" name="register" value="..."&gt;Register&lt;/button&gt; is not clickable at point (604, 604). Other element would receive the click: &lt;p class="woocommerce-store-notice demo_store" data-notice-id="195295ccb9237dddeb7d7689d6f0d53f" style=""&gt;...&lt;/p&gt;
  (Session info: chrome=100.0.4896.88)
</msg>
<status status="FAIL" starttime="20220418 14:10:44.021" endtime="20220418 14:10:45.175"/>
</kw>
<msg timestamp="20220418 14:10:45.175" level="FAIL">Keyword 'Click Element' failed after retrying for 20 seconds. The last error was: ElementClickInterceptedException: Message: element click intercepted: Element &lt;button type="submit" class="woocommerce-Button woocommerce-button button woocommerce-form-register__submit" name="register" value="..."&gt;Register&lt;/button&gt; is not clickable at point (604, 604). Other element would receive the click: &lt;p class="woocommerce-store-notice demo_store" data-notice-id="195295ccb9237dddeb7d7689d6f0d53f" style=""&gt;...&lt;/p&gt;
  (Session info: chrome=100.0.4896.88)
</msg>
<status status="FAIL" starttime="20220418 14:10:24.952" endtime="20220418 14:10:45.175"/>
</kw>
<status status="FAIL" starttime="20220418 14:10:24.585" endtime="20220418 14:10:45.176"/>
</kw>
<kw name="Verify that User is registred" library="Register">
<status status="NOT RUN" starttime="20220418 14:10:45.176" endtime="20220418 14:10:45.176"/>
</kw>
<kw name="Close Browser" library="SeleniumLibrary" type="TEARDOWN">
<doc>Closes the current browser.</doc>
<status status="PASS" starttime="20220418 14:10:45.176" endtime="20220418 14:10:47.253"/>
</kw>
<status status="FAIL" starttime="20220418 14:10:22.038" endtime="20220418 14:10:47.254">Keyword 'Click Element' failed after retrying for 20 seconds. The last error was: ElementClickInterceptedException: Message: element click intercepted: Element &lt;button type="submit" class="woocommerce-Button woocommerce-button button woocommerce-form-register__submit" name="register" value="..."&gt;Register&lt;/button&gt; is not clickable at point (604, 604). Other element would receive the click: &lt;p class="woocommerce-store-notice demo_store" data-notice-id="195295ccb9237dddeb7d7689d6f0d53f" style=""&gt;...&lt;/p&gt;
  (Session info: chrome=100.0.4896.88)
</status>
</test>
<test id="s1-s3-t2" name="TC0005_Register with empty email">
<kw name="Open app" library="Common" type="SETUP">
<kw name="Open Browser" library="SeleniumLibrary">
<arg>${Homepage_URL}</arg>
<arg>${browser}</arg>
<doc>Opens a new browser instance to the optional ``url``.</doc>
<msg timestamp="20220418 14:10:47.265" level="INFO">Opening browser 'chrome' to base url 'http://qacourse.churlinoski.mk/'.</msg>
<status status="PASS" starttime="20220418 14:10:47.264" endtime="20220418 14:10:49.351"/>
</kw>
<kw name="Maximize Browser Window" library="SeleniumLibrary">
<doc>Maximizes current browser window.</doc>
<status status="PASS" starttime="20220418 14:10:49.351" endtime="20220418 14:10:49.464"/>
</kw>
<status status="PASS" starttime="20220418 14:10:47.262" endtime="20220418 14:10:49.464"/>
</kw>
<kw name="Navigate to Login/Register page" library="Login">
<kw name="Click Element" library="SeleniumLibrary">
<arg>${LoginREgisterBtn_TopMenu}</arg>
<doc>Click the element identified by ``locator``.</doc>
<msg timestamp="20220418 14:10:49.465" level="INFO">Clicking element '//div[@class="tools-icon my-account"]'.</msg>
<status status="PASS" starttime="20220418 14:10:49.465" endtime="20220418 14:10:49.863"/>
</kw>
<kw name="Element Text Should Be" library="SeleniumLibrary">
<arg>${LoginLabel_LoginPage}</arg>
<arg>Login</arg>
<doc>Verifies that element ``locator`` contains exact the text ``expected``.</doc>
<msg timestamp="20220418 14:10:49.863" level="INFO">Verifying element '//div[@class="u-column1 col-1"]/h2' contains exact text 'Login'.</msg>
<status status="PASS" starttime="20220418 14:10:49.863" endtime="20220418 14:10:49.887"/>
</kw>
<status status="PASS" starttime="20220418 14:10:49.464" endtime="20220418 14:10:49.887"/>
</kw>
<kw name="Generate Random Username" library="Register">
<kw name="Generate Random String" library="String">
<var>${random1}</var>
<arg>12</arg>
<arg>[NUMBERS]</arg>
<doc>Generates a string with a desired ``length`` from the given ``chars``.</doc>
<msg timestamp="20220418 14:10:49.888" level="INFO">${random1} = 277588863280</msg>
<status status="PASS" starttime="20220418 14:10:49.888" endtime="20220418 14:10:49.888"/>
</kw>
<kw name="Catenate" library="BuiltIn">
<var>${RandomUsername}</var>
<arg>User${random1}</arg>
<doc>Catenates the given items together and returns the resulted string.</doc>
<msg timestamp="20220418 14:10:49.889" level="INFO">${RandomUsername} = User277588863280</msg>
<status status="PASS" starttime="20220418 14:10:49.888" endtime="20220418 14:10:49.889"/>
</kw>
<kw name="Set Global Variable" library="BuiltIn">
<arg>${RandomUsername}</arg>
<doc>Makes a variable available globally in all tests and suites.</doc>
<msg timestamp="20220418 14:10:49.889" level="INFO">${RandomUsername} = User277588863280</msg>
<status status="PASS" starttime="20220418 14:10:49.889" endtime="20220418 14:10:49.889"/>
</kw>
<status status="PASS" starttime="20220418 14:10:49.888" endtime="20220418 14:10:49.889"/>
</kw>
<kw name="Generate Random Email" library="Register">
<kw name="Generate Random String" library="String">
<var>${random2}</var>
<arg>15</arg>
<arg>[LOWER]</arg>
<doc>Generates a string with a desired ``length`` from the given ``chars``.</doc>
<msg timestamp="20220418 14:10:49.890" level="INFO">${random2} = hgbciaijcpxevjr</msg>
<status status="PASS" starttime="20220418 14:10:49.890" endtime="20220418 14:10:49.890"/>
</kw>
<kw name="Catenate" library="BuiltIn">
<var>${randomEmail}</var>
<arg>${random2}@example.com</arg>
<doc>Catenates the given items together and returns the resulted string.</doc>
<msg timestamp="20220418 14:10:49.890" level="INFO">${randomEmail} = hgbciaijcpxevjr@example.com</msg>
<status status="PASS" starttime="20220418 14:10:49.890" endtime="20220418 14:10:49.890"/>
</kw>
<kw name="Set Global Variable" library="BuiltIn">
<arg>${randomEmail}</arg>
<doc>Makes a variable available globally in all tests and suites.</doc>
<msg timestamp="20220418 14:10:49.891" level="INFO">${randomEmail} = hgbciaijcpxevjr@example.com</msg>
<status status="PASS" starttime="20220418 14:10:49.890" endtime="20220418 14:10:49.891"/>
</kw>
<status status="PASS" starttime="20220418 14:10:49.889" endtime="20220418 14:10:49.891"/>
</kw>
<kw name="Generate Random Password" library="Register">
<kw name="Generate Random String" library="String">
<var>${randomPassword}</var>
<arg>15</arg>
<doc>Generates a string with a desired ``length`` from the given ``chars``.</doc>
<msg timestamp="20220418 14:10:49.891" level="INFO">${randomPassword} = mMH4v81LI8YVKQ5</msg>
<status status="PASS" starttime="20220418 14:10:49.891" endtime="20220418 14:10:49.891"/>
</kw>
<kw name="Set Global Variable" library="BuiltIn">
<arg>${randomPassword}</arg>
<doc>Makes a variable available globally in all tests and suites.</doc>
<msg timestamp="20220418 14:10:49.892" level="INFO">${randomPassword} = mMH4v81LI8YVKQ5</msg>
<status status="PASS" starttime="20220418 14:10:49.892" endtime="20220418 14:10:49.892"/>
</kw>
<status status="PASS" starttime="20220418 14:10:49.891" endtime="20220418 14:10:49.892"/>
</kw>
<kw name="Register User" library="Register">
<arg>${RandomUsername}</arg>
<arg>${EMPTY}</arg>
<arg>${randomPassword}</arg>
<kw name="Input Text" library="SeleniumLibrary">
<arg>${UsernameInput_Register}</arg>
<arg>${username}</arg>
<doc>Types the given ``text`` into the text field identified by ``locator``.</doc>
<msg timestamp="20220418 14:10:49.893" level="INFO">Typing text 'User277588863280' into text field 'id:reg_username'.</msg>
<status status="PASS" starttime="20220418 14:10:49.893" endtime="20220418 14:10:49.979"/>
</kw>
<kw name="Input Text" library="SeleniumLibrary">
<arg>${EmailInput_Register}</arg>
<arg>${email}</arg>
<doc>Types the given ``text`` into the text field identified by ``locator``.</doc>
<msg timestamp="20220418 14:10:49.979" level="INFO">Typing text '' into text field 'id:reg_email'.</msg>
<status status="PASS" starttime="20220418 14:10:49.979" endtime="20220418 14:10:50.046"/>
</kw>
<kw name="Input Password" library="SeleniumLibrary">
<arg>${PasswordInput_Register}</arg>
<arg>${password}</arg>
<doc>Types the given password into the text field identified by ``locator``.</doc>
<msg timestamp="20220418 14:10:50.047" level="INFO">Typing password into text field 'id:reg_password'.</msg>
<msg timestamp="20220418 14:10:50.147" level="INFO">Temporally setting log level to: NONE</msg>
<msg timestamp="20220418 14:10:50.237" level="INFO">Log level changed from NONE to INFO.</msg>
<status status="PASS" starttime="20220418 14:10:50.046" endtime="20220418 14:10:50.237"/>
</kw>
<kw name="Wait Until Keyword Succeeds" library="BuiltIn">
<arg>20</arg>
<arg>2</arg>
<arg>Click Element</arg>
<arg>${RegisterBtn}</arg>
<doc>Runs the specified keyword and retries if it fails.</doc>
<kw name="Click Element" library="SeleniumLibrary">
<arg>${RegisterBtn}</arg>
<doc>Click the element identified by ``locator``.</doc>
<msg timestamp="20220418 14:10:50.238" level="INFO">Clicking element '//*[@id="customer_login"]/div[2]/form/p[4]/button'.</msg>
<kw name="Capture Page Screenshot" library="SeleniumLibrary">
<doc>Takes a screenshot of the current page and embeds it into a log file.</doc>
<msg timestamp="20220418 14:10:51.392" level="INFO" html="true">&lt;/td&gt;&lt;/tr&gt;&lt;tr&gt;&lt;td colspan="3"&gt;&lt;a href="selenium-screenshot-8.png"&gt;&lt;img src="selenium-screenshot-8.png" width="800px"&gt;&lt;/a&gt;</msg>
<status status="PASS" starttime="20220418 14:10:51.302" endtime="20220418 14:10:51.392"/>
</kw>
<msg timestamp="20220418 14:10:51.393" level="FAIL">ElementClickInterceptedException: Message: element click intercepted: Element &lt;button type="submit" class="woocommerce-Button woocommerce-button button woocommerce-form-register__submit" name="register" value="..."&gt;Register&lt;/button&gt; is not clickable at point (604, 604). Other element would receive the click: &lt;p class="woocommerce-store-notice demo_store" data-notice-id="195295ccb9237dddeb7d7689d6f0d53f" style=""&gt;...&lt;/p&gt;
  (Session info: chrome=100.0.4896.88)
</msg>
<status status="FAIL" starttime="20220418 14:10:50.238" endtime="20220418 14:10:51.393"/>
</kw>
<kw name="Click Element" library="SeleniumLibrary">
<arg>${RegisterBtn}</arg>
<doc>Click the element identified by ``locator``.</doc>
<msg timestamp="20220418 14:10:53.407" level="INFO">Clicking element '//*[@id="customer_login"]/div[2]/form/p[4]/button'.</msg>
<kw name="Capture Page Screenshot" library="SeleniumLibrary">
<doc>Takes a screenshot of the current page and embeds it into a log file.</doc>
<msg timestamp="20220418 14:10:54.509" level="INFO" html="true">&lt;/td&gt;&lt;/tr&gt;&lt;tr&gt;&lt;td colspan="3"&gt;&lt;a href="selenium-screenshot-9.png"&gt;&lt;img src="selenium-screenshot-9.png" width="800px"&gt;&lt;/a&gt;</msg>
<status status="PASS" starttime="20220418 14:10:54.447" endtime="20220418 14:10:54.509"/>
</kw>
<msg timestamp="20220418 14:10:54.510" level="FAIL">ElementClickInterceptedException: Message: element click intercepted: Element &lt;button type="submit" class="woocommerce-Button woocommerce-button button woocommerce-form-register__submit" name="register" value="..."&gt;Register&lt;/button&gt; is not clickable at point (604, 604). Other element would receive the click: &lt;p class="woocommerce-store-notice demo_store" data-notice-id="195295ccb9237dddeb7d7689d6f0d53f" style=""&gt;...&lt;/p&gt;
  (Session info: chrome=100.0.4896.88)
</msg>
<status status="FAIL" starttime="20220418 14:10:53.407" endtime="20220418 14:10:54.510"/>
</kw>
<kw name="Click Element" library="SeleniumLibrary">
<arg>${RegisterBtn}</arg>
<doc>Click the element identified by ``locator``.</doc>
<msg timestamp="20220418 14:10:56.521" level="INFO">Clicking element '//*[@id="customer_login"]/div[2]/form/p[4]/button'.</msg>
<kw name="Capture Page Screenshot" library="SeleniumLibrary">
<doc>Takes a screenshot of the current page and embeds it into a log file.</doc>
<msg timestamp="20220418 14:10:57.704" level="INFO" html="true">&lt;/td&gt;&lt;/tr&gt;&lt;tr&gt;&lt;td colspan="3"&gt;&lt;a href="selenium-screenshot-10.png"&gt;&lt;img src="selenium-screenshot-10.png" width="800px"&gt;&lt;/a&gt;</msg>
<status status="PASS" starttime="20220418 14:10:57.615" endtime="20220418 14:10:57.704"/>
</kw>
<msg timestamp="20220418 14:10:57.705" level="FAIL">ElementClickInterceptedException: Message: element click intercepted: Element &lt;button type="submit" class="woocommerce-Button woocommerce-button button woocommerce-form-register__submit" name="register" value="..."&gt;Register&lt;/button&gt; is not clickable at point (604, 604). Other element would receive the click: &lt;p class="woocommerce-store-notice demo_store" data-notice-id="195295ccb9237dddeb7d7689d6f0d53f" style=""&gt;...&lt;/p&gt;
  (Session info: chrome=100.0.4896.88)
</msg>
<status status="FAIL" starttime="20220418 14:10:56.521" endtime="20220418 14:10:57.705"/>
</kw>
<kw name="Click Element" library="SeleniumLibrary">
<arg>${RegisterBtn}</arg>
<doc>Click the element identified by ``locator``.</doc>
<msg timestamp="20220418 14:10:59.712" level="INFO">Clicking element '//*[@id="customer_login"]/div[2]/form/p[4]/button'.</msg>
<kw name="Capture Page Screenshot" library="SeleniumLibrary">
<doc>Takes a screenshot of the current page and embeds it into a log file.</doc>
<msg timestamp="20220418 14:11:00.944" level="INFO" html="true">&lt;/td&gt;&lt;/tr&gt;&lt;tr&gt;&lt;td colspan="3"&gt;&lt;a href="selenium-screenshot-11.png"&gt;&lt;img src="selenium-screenshot-11.png" width="800px"&gt;&lt;/a&gt;</msg>
<status status="PASS" starttime="20220418 14:11:00.817" endtime="20220418 14:11:00.944"/>
</kw>
<msg timestamp="20220418 14:11:00.945" level="FAIL">ElementClickInterceptedException: Message: element click intercepted: Element &lt;button type="submit" class="woocommerce-Button woocommerce-button button woocommerce-form-register__submit" name="register" value="..."&gt;Register&lt;/button&gt; is not clickable at point (604, 604). Other element would receive the click: &lt;p class="woocommerce-store-notice demo_store" data-notice-id="195295ccb9237dddeb7d7689d6f0d53f" style=""&gt;...&lt;/p&gt;
  (Session info: chrome=100.0.4896.88)
</msg>
<status status="FAIL" starttime="20220418 14:10:59.710" endtime="20220418 14:11:00.945"/>
</kw>
<kw name="Click Element" library="SeleniumLibrary">
<arg>${RegisterBtn}</arg>
<doc>Click the element identified by ``locator``.</doc>
<msg timestamp="20220418 14:11:02.953" level="INFO">Clicking element '//*[@id="customer_login"]/div[2]/form/p[4]/button'.</msg>
<kw name="Capture Page Screenshot" library="SeleniumLibrary">
<doc>Takes a screenshot of the current page and embeds it into a log file.</doc>
<msg timestamp="20220418 14:11:04.154" level="INFO" html="true">&lt;/td&gt;&lt;/tr&gt;&lt;tr&gt;&lt;td colspan="3"&gt;&lt;a href="selenium-screenshot-12.png"&gt;&lt;img src="selenium-screenshot-12.png" width="800px"&gt;&lt;/a&gt;</msg>
<status status="PASS" starttime="20220418 14:11:04.056" endtime="20220418 14:11:04.154"/>
</kw>
<msg timestamp="20220418 14:11:04.155" level="FAIL">ElementClickInterceptedException: Message: element click intercepted: Element &lt;button type="submit" class="woocommerce-Button woocommerce-button button woocommerce-form-register__submit" name="register" value="..."&gt;Register&lt;/button&gt; is not clickable at point (604, 604). Other element would receive the click: &lt;p class="woocommerce-store-notice demo_store" data-notice-id="195295ccb9237dddeb7d7689d6f0d53f" style=""&gt;...&lt;/p&gt;
  (Session info: chrome=100.0.4896.88)
</msg>
<status status="FAIL" starttime="20220418 14:11:02.952" endtime="20220418 14:11:04.155"/>
</kw>
<kw name="Click Element" library="SeleniumLibrary">
<arg>${RegisterBtn}</arg>
<doc>Click the element identified by ``locator``.</doc>
<msg timestamp="20220418 14:11:06.167" level="INFO">Clicking element '//*[@id="customer_login"]/div[2]/form/p[4]/button'.</msg>
<kw name="Capture Page Screenshot" library="SeleniumLibrary">
<doc>Takes a screenshot of the current page and embeds it into a log file.</doc>
<msg timestamp="20220418 14:11:07.387" level="INFO" html="true">&lt;/td&gt;&lt;/tr&gt;&lt;tr&gt;&lt;td colspan="3"&gt;&lt;a href="selenium-screenshot-13.png"&gt;&lt;img src="selenium-screenshot-13.png" width="800px"&gt;&lt;/a&gt;</msg>
<status status="PASS" starttime="20220418 14:11:07.291" endtime="20220418 14:11:07.387"/>
</kw>
<msg timestamp="20220418 14:11:07.388" level="FAIL">ElementClickInterceptedException: Message: element click intercepted: Element &lt;button type="submit" class="woocommerce-Button woocommerce-button button woocommerce-form-register__submit" name="register" value="..."&gt;Register&lt;/button&gt; is not clickable at point (604, 604). Other element would receive the click: &lt;p class="woocommerce-store-notice demo_store" data-notice-id="195295ccb9237dddeb7d7689d6f0d53f" style=""&gt;...&lt;/p&gt;
  (Session info: chrome=100.0.4896.88)
</msg>
<status status="FAIL" starttime="20220418 14:11:06.165" endtime="20220418 14:11:07.388"/>
</kw>
<kw name="Click Element" library="SeleniumLibrary">
<arg>${RegisterBtn}</arg>
<doc>Click the element identified by ``locator``.</doc>
<msg timestamp="20220418 14:11:09.402" level="INFO">Clicking element '//*[@id="customer_login"]/div[2]/form/p[4]/button'.</msg>
<kw name="Capture Page Screenshot" library="SeleniumLibrary">
<doc>Takes a screenshot of the current page and embeds it into a log file.</doc>
<msg timestamp="20220418 14:11:10.584" level="INFO" html="true">&lt;/td&gt;&lt;/tr&gt;&lt;tr&gt;&lt;td colspan="3"&gt;&lt;a href="selenium-screenshot-14.png"&gt;&lt;img src="selenium-screenshot-14.png" width="800px"&gt;&lt;/a&gt;</msg>
<status status="PASS" starttime="20220418 14:11:10.505" endtime="20220418 14:11:10.584"/>
</kw>
<msg timestamp="20220418 14:11:10.585" level="FAIL">ElementClickInterceptedException: Message: element click intercepted: Element &lt;button type="submit" class="woocommerce-Button woocommerce-button button woocommerce-form-register__submit" name="register" value="..."&gt;Register&lt;/button&gt; is not clickable at point (604, 604). Other element would receive the click: &lt;p class="woocommerce-store-notice demo_store" data-notice-id="195295ccb9237dddeb7d7689d6f0d53f" style=""&gt;...&lt;/p&gt;
  (Session info: chrome=100.0.4896.88)
</msg>
<status status="FAIL" starttime="20220418 14:11:09.400" endtime="20220418 14:11:10.585"/>
</kw>
<msg timestamp="20220418 14:11:10.585" level="FAIL">Keyword 'Click Element' failed after retrying for 20 seconds. The last error was: ElementClickInterceptedException: Message: element click intercepted: Element &lt;button type="submit" class="woocommerce-Button woocommerce-button button woocommerce-form-register__submit" name="register" value="..."&gt;Register&lt;/button&gt; is not clickable at point (604, 604). Other element would receive the click: &lt;p class="woocommerce-store-notice demo_store" data-notice-id="195295ccb9237dddeb7d7689d6f0d53f" style=""&gt;...&lt;/p&gt;
  (Session info: chrome=100.0.4896.88)
</msg>
<status status="FAIL" starttime="20220418 14:10:50.237" endtime="20220418 14:11:10.585"/>
</kw>
<status status="FAIL" starttime="20220418 14:10:49.892" endtime="20220418 14:11:10.586"/>
</kw>
<kw name="Wait Until Element Is Visible" library="SeleniumLibrary">
<arg>class:woocommerce-notices-wrapper</arg>
<doc>Waits until the element ``locator`` is visible.</doc>
<status status="NOT RUN" starttime="20220418 14:11:10.586" endtime="20220418 14:11:10.586"/>
</kw>
<kw name="Wait Until Page Contains" library="SeleniumLibrary">
<arg>Error: Please provide a valid email address.</arg>
<doc>Waits until ``text`` appears on the current page.</doc>
<status status="NOT RUN" starttime="20220418 14:11:10.586" endtime="20220418 14:11:10.587"/>
</kw>
<kw name="Element Should Contain" library="SeleniumLibrary">
<arg>//div[@class="woocommerce-notices-wrapper"]</arg>
<arg>Error: Please provide a valid email address.</arg>
<doc>Verifies that element ``locator`` contains text ``expected``.</doc>
<status status="NOT RUN" starttime="20220418 14:11:10.587" endtime="20220418 14:11:10.587"/>
</kw>
<kw name="Close Browser" library="SeleniumLibrary" type="TEARDOWN">
<doc>Closes the current browser.</doc>
<status status="PASS" starttime="20220418 14:11:10.587" endtime="20220418 14:11:12.660"/>
</kw>
<status status="FAIL" starttime="20220418 14:10:47.258" endtime="20220418 14:11:12.660">Keyword 'Click Element' failed after retrying for 20 seconds. The last error was: ElementClickInterceptedException: Message: element click intercepted: Element &lt;button type="submit" class="woocommerce-Button woocommerce-button button woocommerce-form-register__submit" name="register" value="..."&gt;Register&lt;/button&gt; is not clickable at point (604, 604). Other element would receive the click: &lt;p class="woocommerce-store-notice demo_store" data-notice-id="195295ccb9237dddeb7d7689d6f0d53f" style=""&gt;...&lt;/p&gt;
  (Session info: chrome=100.0.4896.88)
</status>
</test>
<status status="FAIL" starttime="20220418 14:10:21.997" endtime="20220418 14:11:12.662"/>
</suite>
<suite id="s1-s4" name="Search" source="D:\Robot Projects\New_IWEC_Project\Tests\Search.robot">
<test id="s1-s4-t1" name="Search Avaliable Item">
<kw name="Open app" library="Common" type="SETUP">
<kw name="Open Browser" library="SeleniumLibrary">
<arg>${Homepage_URL}</arg>
<arg>${browser}</arg>
<doc>Opens a new browser instance to the optional ``url``.</doc>
<msg timestamp="20220418 14:11:12.686" level="INFO">Opening browser 'chrome' to base url 'http://qacourse.churlinoski.mk/'.</msg>
<status status="PASS" starttime="20220418 14:11:12.686" endtime="20220418 14:11:14.785"/>
</kw>
<kw name="Maximize Browser Window" library="SeleniumLibrary">
<doc>Maximizes current browser window.</doc>
<status status="PASS" starttime="20220418 14:11:14.785" endtime="20220418 14:11:14.912"/>
</kw>
<status status="PASS" starttime="20220418 14:11:12.686" endtime="20220418 14:11:14.913"/>
</kw>
<kw name="Search item" library="Search">
<arg>${SEARCH_ITEM}</arg>
<kw name="Open Search Box" library="Search">
<kw name="Click Element" library="SeleniumLibrary">
<arg>${SearchIcon_TopMenu}</arg>
<doc>Click the element identified by ``locator``.</doc>
<msg timestamp="20220418 14:11:14.918" level="INFO">Clicking element '//span[@class="tools-icon header-search-icon"]'.</msg>
<status status="PASS" starttime="20220418 14:11:14.917" endtime="20220418 14:11:15.041"/>
</kw>
<kw name="Wait Until Element Is Visible" library="SeleniumLibrary">
<arg>${SearchBoxTitle}</arg>
<doc>Waits until the element ``locator`` is visible.</doc>
<status status="PASS" starttime="20220418 14:11:15.041" endtime="20220418 14:11:15.295"/>
</kw>
<kw name="Element Text Should Be" library="SeleniumLibrary">
<arg>${SearchBoxTitle}</arg>
<arg>TYPE TO SEARCH</arg>
<doc>Verifies that element ``locator`` contains exact the text ``expected``.</doc>
<msg timestamp="20220418 14:11:15.295" level="INFO">Verifying element '//span[@class="dialog-search-title"]' contains exact text 'TYPE TO SEARCH'.</msg>
<status status="PASS" starttime="20220418 14:11:15.295" endtime="20220418 14:11:15.315"/>
</kw>
<status status="PASS" starttime="20220418 14:11:14.915" endtime="20220418 14:11:15.315"/>
</kw>
<kw name="Input Text" library="SeleniumLibrary">
<arg>${SearchInputFieldLocator_SearchBox}</arg>
<arg>${Search_Item}</arg>
<doc>Types the given ``text`` into the text field identified by ``locator``.</doc>
<msg timestamp="20220418 14:11:15.316" level="INFO">Typing text 'beanie' into text field '//input[@id="woocommerce-product-search-field-3"]'.</msg>
<status status="PASS" starttime="20220418 14:11:15.315" endtime="20220418 14:11:15.379"/>
</kw>
<kw name="Wait Until Page Contains Element" library="SeleniumLibrary">
<arg>${SearchBoxButtonLocator}</arg>
<doc>Waits until the element ``locator`` appears on the current page.</doc>
<status status="PASS" starttime="20220418 14:11:15.379" endtime="20220418 14:11:15.389"/>
</kw>
<kw name="Click Element" library="SeleniumLibrary">
<arg>(//*[@type="submit"])[2]</arg>
<doc>Click the element identified by ``locator``.</doc>
<msg timestamp="20220418 14:11:15.389" level="INFO">Clicking element '(//*[@type="submit"])[2]'.</msg>
<status status="PASS" starttime="20220418 14:11:15.389" endtime="20220418 14:11:15.862"/>
</kw>
<status status="PASS" starttime="20220418 14:11:14.913" endtime="20220418 14:11:15.862"/>
</kw>
<kw name="Page Should Contain" library="SeleniumLibrary">
<arg>${SEARCH_ITEM}</arg>
<doc>Verifies that current page contains ``text``.</doc>
<msg timestamp="20220418 14:11:15.879" level="INFO">Current page contains text 'beanie'.</msg>
<status status="PASS" starttime="20220418 14:11:15.862" endtime="20220418 14:11:15.880"/>
</kw>
<kw name="Close Browser" library="SeleniumLibrary" type="TEARDOWN">
<doc>Closes the current browser.</doc>
<status status="PASS" starttime="20220418 14:11:15.880" endtime="20220418 14:11:17.955"/>
</kw>
<status status="PASS" starttime="20220418 14:11:12.685" endtime="20220418 14:11:17.956"/>
</test>
<test id="s1-s4-t2" name="Search Item that is not existing">
<kw name="Open app" library="Common" type="SETUP">
<kw name="Open Browser" library="SeleniumLibrary">
<arg>${Homepage_URL}</arg>
<arg>${browser}</arg>
<doc>Opens a new browser instance to the optional ``url``.</doc>
<msg timestamp="20220418 14:11:17.965" level="INFO">Opening browser 'chrome' to base url 'http://qacourse.churlinoski.mk/'.</msg>
<status status="PASS" starttime="20220418 14:11:17.963" endtime="20220418 14:11:21.105"/>
</kw>
<kw name="Maximize Browser Window" library="SeleniumLibrary">
<doc>Maximizes current browser window.</doc>
<status status="PASS" starttime="20220418 14:11:21.105" endtime="20220418 14:11:21.221"/>
</kw>
<status status="PASS" starttime="20220418 14:11:17.961" endtime="20220418 14:11:21.222"/>
</kw>
<kw name="Search item" library="Search">
<arg>${Invalid_Search_Item}</arg>
<kw name="Open Search Box" library="Search">
<kw name="Click Element" library="SeleniumLibrary">
<arg>${SearchIcon_TopMenu}</arg>
<doc>Click the element identified by ``locator``.</doc>
<msg timestamp="20220418 14:11:21.223" level="INFO">Clicking element '//span[@class="tools-icon header-search-icon"]'.</msg>
<status status="PASS" starttime="20220418 14:11:21.223" endtime="20220418 14:11:21.274"/>
</kw>
<kw name="Wait Until Element Is Visible" library="SeleniumLibrary">
<arg>${SearchBoxTitle}</arg>
<doc>Waits until the element ``locator`` is visible.</doc>
<status status="PASS" starttime="20220418 14:11:21.274" endtime="20220418 14:11:21.516"/>
</kw>
<kw name="Element Text Should Be" library="SeleniumLibrary">
<arg>${SearchBoxTitle}</arg>
<arg>TYPE TO SEARCH</arg>
<doc>Verifies that element ``locator`` contains exact the text ``expected``.</doc>
<msg timestamp="20220418 14:11:21.517" level="INFO">Verifying element '//span[@class="dialog-search-title"]' contains exact text 'TYPE TO SEARCH'.</msg>
<status status="PASS" starttime="20220418 14:11:21.516" endtime="20220418 14:11:21.537"/>
</kw>
<status status="PASS" starttime="20220418 14:11:21.222" endtime="20220418 14:11:21.538"/>
</kw>
<kw name="Input Text" library="SeleniumLibrary">
<arg>${SearchInputFieldLocator_SearchBox}</arg>
<arg>${Search_Item}</arg>
<doc>Types the given ``text`` into the text field identified by ``locator``.</doc>
<msg timestamp="20220418 14:11:21.538" level="INFO">Typing text 'abcd' into text field '//input[@id="woocommerce-product-search-field-3"]'.</msg>
<status status="PASS" starttime="20220418 14:11:21.538" endtime="20220418 14:11:21.599"/>
</kw>
<kw name="Wait Until Page Contains Element" library="SeleniumLibrary">
<arg>${SearchBoxButtonLocator}</arg>
<doc>Waits until the element ``locator`` appears on the current page.</doc>
<status status="PASS" starttime="20220418 14:11:21.599" endtime="20220418 14:11:21.609"/>
</kw>
<kw name="Click Element" library="SeleniumLibrary">
<arg>(//*[@type="submit"])[2]</arg>
<doc>Click the element identified by ``locator``.</doc>
<msg timestamp="20220418 14:11:21.609" level="INFO">Clicking element '(//*[@type="submit"])[2]'.</msg>
<status status="PASS" starttime="20220418 14:11:21.609" endtime="20220418 14:11:21.999"/>
</kw>
<status status="PASS" starttime="20220418 14:11:21.222" endtime="20220418 14:11:21.999"/>
</kw>
<kw name="Element Text Should Be" library="SeleniumLibrary">
<arg>//p[@class="woocommerce-info"]</arg>
<arg>No products were found matching your selection.</arg>
<doc>Verifies that element ``locator`` contains exact the text ``expected``.</doc>
<msg timestamp="20220418 14:11:21.999" level="INFO">Verifying element '//p[@class="woocommerce-info"]' contains exact text 'No products were found matching your selection.'.</msg>
<status status="PASS" starttime="20220418 14:11:21.999" endtime="20220418 14:11:22.023"/>
</kw>
<kw name="Close Browser" library="SeleniumLibrary" type="TEARDOWN">
<doc>Closes the current browser.</doc>
<status status="PASS" starttime="20220418 14:11:22.023" endtime="20220418 14:11:24.092"/>
</kw>
<status status="PASS" starttime="20220418 14:11:17.959" endtime="20220418 14:11:24.093"/>
</test>
<test id="s1-s4-t3" name="Search and Verify all results">
<kw name="Open app" library="Common" type="SETUP">
<kw name="Open Browser" library="SeleniumLibrary">
<arg>${Homepage_URL}</arg>
<arg>${browser}</arg>
<doc>Opens a new browser instance to the optional ``url``.</doc>
<msg timestamp="20220418 14:11:24.098" level="INFO">Opening browser 'chrome' to base url 'http://qacourse.churlinoski.mk/'.</msg>
<status status="PASS" starttime="20220418 14:11:24.097" endtime="20220418 14:11:26.045"/>
</kw>
<kw name="Maximize Browser Window" library="SeleniumLibrary">
<doc>Maximizes current browser window.</doc>
<status status="PASS" starttime="20220418 14:11:26.045" endtime="20220418 14:11:26.171"/>
</kw>
<status status="PASS" starttime="20220418 14:11:24.095" endtime="20220418 14:11:26.172"/>
</kw>
<kw name="Search item" library="Search">
<arg>${SEARCH_ITEM}</arg>
<kw name="Open Search Box" library="Search">
<kw name="Click Element" library="SeleniumLibrary">
<arg>${SearchIcon_TopMenu}</arg>
<doc>Click the element identified by ``locator``.</doc>
<msg timestamp="20220418 14:11:26.183" level="INFO">Clicking element '//span[@class="tools-icon header-search-icon"]'.</msg>
<status status="PASS" starttime="20220418 14:11:26.182" endtime="20220418 14:11:26.285"/>
</kw>
<kw name="Wait Until Element Is Visible" library="SeleniumLibrary">
<arg>${SearchBoxTitle}</arg>
<doc>Waits until the element ``locator`` is visible.</doc>
<status status="PASS" starttime="20220418 14:11:26.286" endtime="20220418 14:11:26.569"/>
</kw>
<kw name="Element Text Should Be" library="SeleniumLibrary">
<arg>${SearchBoxTitle}</arg>
<arg>TYPE TO SEARCH</arg>
<doc>Verifies that element ``locator`` contains exact the text ``expected``.</doc>
<msg timestamp="20220418 14:11:26.569" level="INFO">Verifying element '//span[@class="dialog-search-title"]' contains exact text 'TYPE TO SEARCH'.</msg>
<status status="PASS" starttime="20220418 14:11:26.569" endtime="20220418 14:11:26.590"/>
</kw>
<status status="PASS" starttime="20220418 14:11:26.178" endtime="20220418 14:11:26.591"/>
</kw>
<kw name="Input Text" library="SeleniumLibrary">
<arg>${SearchInputFieldLocator_SearchBox}</arg>
<arg>${Search_Item}</arg>
<doc>Types the given ``text`` into the text field identified by ``locator``.</doc>
<msg timestamp="20220418 14:11:26.592" level="INFO">Typing text 'beanie' into text field '//input[@id="woocommerce-product-search-field-3"]'.</msg>
<status status="PASS" starttime="20220418 14:11:26.591" endtime="20220418 14:11:26.666"/>
</kw>
<kw name="Wait Until Page Contains Element" library="SeleniumLibrary">
<arg>${SearchBoxButtonLocator}</arg>
<doc>Waits until the element ``locator`` appears on the current page.</doc>
<status status="PASS" starttime="20220418 14:11:26.667" endtime="20220418 14:11:26.678"/>
</kw>
<kw name="Click Element" library="SeleniumLibrary">
<arg>(//*[@type="submit"])[2]</arg>
<doc>Click the element identified by ``locator``.</doc>
<msg timestamp="20220418 14:11:26.678" level="INFO">Clicking element '(//*[@type="submit"])[2]'.</msg>
<status status="PASS" starttime="20220418 14:11:26.678" endtime="20220418 14:11:27.233"/>
</kw>
<status status="PASS" starttime="20220418 14:11:26.174" endtime="20220418 14:11:27.233"/>
</kw>
<kw name="Page Should Contain" library="SeleniumLibrary">
<arg>${SEARCH_ITEM}</arg>
<doc>Verifies that current page contains ``text``.</doc>
<msg timestamp="20220418 14:11:27.250" level="INFO">Current page contains text 'beanie'.</msg>
<status status="PASS" starttime="20220418 14:11:27.233" endtime="20220418 14:11:27.250"/>
</kw>
<kw name="Get Element Count" library="SeleniumLibrary">
<var>${counter}</var>
<arg>//*[@class="woocommerce-loop-product__title"]</arg>
<doc>Returns the number of elements matching ``locator``.</doc>
<msg timestamp="20220418 14:11:27.260" level="INFO">${counter} = 2</msg>
<status status="PASS" starttime="20220418 14:11:27.250" endtime="20220418 14:11:27.260"/>
</kw>
<for flavor="IN RANGE">
<var>${i}</var>
<value>1</value>
<value>${counter} + 1</value>
<iter>
<var name="${i}">1</var>
<kw name="Get Text" library="SeleniumLibrary">
<var>${ItemTitle}</var>
<arg>(//*[@class="woocommerce-loop-product__title"])[${i}]</arg>
<doc>Returns the text value of the element identified by ``locator``.</doc>
<msg timestamp="20220418 14:11:27.282" level="INFO">${ItemTitle} = Beanie with Logo</msg>
<status status="PASS" starttime="20220418 14:11:27.261" endtime="20220418 14:11:27.282"/>
</kw>
<kw name="Should Contain" library="BuiltIn">
<arg>${ItemTitle}</arg>
<arg>${SEARCH_ITEM}</arg>
<arg>ignore_case=True</arg>
<doc>Fails if ``container`` does not contain ``item`` one or more times.</doc>
<status status="PASS" starttime="20220418 14:11:27.282" endtime="20220418 14:11:27.283"/>
</kw>
<status status="PASS" starttime="20220418 14:11:27.261" endtime="20220418 14:11:27.283"/>
</iter>
<iter>
<var name="${i}">2</var>
<kw name="Get Text" library="SeleniumLibrary">
<var>${ItemTitle}</var>
<arg>(//*[@class="woocommerce-loop-product__title"])[${i}]</arg>
<doc>Returns the text value of the element identified by ``locator``.</doc>
<msg timestamp="20220418 14:11:27.305" level="INFO">${ItemTitle} = Beanie</msg>
<status status="PASS" starttime="20220418 14:11:27.283" endtime="20220418 14:11:27.305"/>
</kw>
<kw name="Should Contain" library="BuiltIn">
<arg>${ItemTitle}</arg>
<arg>${SEARCH_ITEM}</arg>
<arg>ignore_case=True</arg>
<doc>Fails if ``container`` does not contain ``item`` one or more times.</doc>
<status status="PASS" starttime="20220418 14:11:27.305" endtime="20220418 14:11:27.305"/>
</kw>
<status status="PASS" starttime="20220418 14:11:27.283" endtime="20220418 14:11:27.305"/>
</iter>
<status status="PASS" starttime="20220418 14:11:27.261" endtime="20220418 14:11:27.305"/>
</for>
<kw name="Close Browser" library="SeleniumLibrary" type="TEARDOWN">
<doc>Closes the current browser.</doc>
<status status="PASS" starttime="20220418 14:11:27.306" endtime="20220418 14:11:29.375"/>
</kw>
<status status="PASS" starttime="20220418 14:11:24.094" endtime="20220418 14:11:29.375"/>
</test>
<test id="s1-s4-t4" name="New search TC">
<kw name="Open app" library="Common" type="SETUP">
<kw name="Open Browser" library="SeleniumLibrary">
<arg>${Homepage_URL}</arg>
<arg>${browser}</arg>
<doc>Opens a new browser instance to the optional ``url``.</doc>
<msg timestamp="20220418 14:11:29.384" level="INFO">Opening browser 'chrome' to base url 'http://qacourse.churlinoski.mk/'.</msg>
<status status="PASS" starttime="20220418 14:11:29.383" endtime="20220418 14:11:31.408"/>
</kw>
<kw name="Maximize Browser Window" library="SeleniumLibrary">
<doc>Maximizes current browser window.</doc>
<status status="PASS" starttime="20220418 14:11:31.408" endtime="20220418 14:11:31.546"/>
</kw>
<status status="PASS" starttime="20220418 14:11:29.381" endtime="20220418 14:11:31.547"/>
</kw>
<kw name="Log" library="BuiltIn">
<arg>This is new TC</arg>
<doc>Logs the given message with the given level.</doc>
<msg timestamp="20220418 14:11:31.548" level="INFO">This is new TC</msg>
<status status="PASS" starttime="20220418 14:11:31.547" endtime="20220418 14:11:31.548"/>
</kw>
<kw name="Log" library="BuiltIn">
<arg>Adding new line</arg>
<doc>Logs the given message with the given level.</doc>
<msg timestamp="20220418 14:11:31.548" level="INFO">Adding new line</msg>
<status status="PASS" starttime="20220418 14:11:31.548" endtime="20220418 14:11:31.548"/>
</kw>
<kw name="Log" library="BuiltIn">
<arg>Adding third line here</arg>
<doc>Logs the given message with the given level.</doc>
<msg timestamp="20220418 14:11:31.549" level="INFO">Adding third line here</msg>
<status status="PASS" starttime="20220418 14:11:31.549" endtime="20220418 14:11:31.549"/>
</kw>
<kw name="Close Browser" library="SeleniumLibrary" type="TEARDOWN">
<doc>Closes the current browser.</doc>
<status status="PASS" starttime="20220418 14:11:31.549" endtime="20220418 14:11:33.610"/>
</kw>
<status status="PASS" starttime="20220418 14:11:29.378" endtime="20220418 14:11:33.611"/>
</test>
<test id="s1-s4-t5" name="Search TC number 4">
<kw name="Open app" library="Common" type="SETUP">
<kw name="Open Browser" library="SeleniumLibrary">
<arg>${Homepage_URL}</arg>
<arg>${browser}</arg>
<doc>Opens a new browser instance to the optional ``url``.</doc>
<msg timestamp="20220418 14:11:33.618" level="INFO">Opening browser 'chrome' to base url 'http://qacourse.churlinoski.mk/'.</msg>
<status status="PASS" starttime="20220418 14:11:33.616" endtime="20220418 14:11:35.606"/>
</kw>
<kw name="Maximize Browser Window" library="SeleniumLibrary">
<doc>Maximizes current browser window.</doc>
<status status="PASS" starttime="20220418 14:11:35.606" endtime="20220418 14:11:35.726"/>
</kw>
<status status="PASS" starttime="20220418 14:11:33.615" endtime="20220418 14:11:35.726"/>
</kw>
<kw name="Log" library="BuiltIn">
<arg>This is TC #4</arg>
<doc>Logs the given message with the given level.</doc>
<msg timestamp="20220418 14:11:35.727" level="INFO">This is TC #4</msg>
<status status="PASS" starttime="20220418 14:11:35.726" endtime="20220418 14:11:35.727"/>
</kw>
<kw name="Close Browser" library="SeleniumLibrary" type="TEARDOWN">
<doc>Closes the current browser.</doc>
<status status="PASS" starttime="20220418 14:11:35.727" endtime="20220418 14:11:37.807"/>
</kw>
<status status="PASS" starttime="20220418 14:11:33.613" endtime="20220418 14:11:37.807"/>
</test>
<test id="s1-s4-t6" name="TC5">
<kw name="Open app" library="Common" type="SETUP">
<kw name="Open Browser" library="SeleniumLibrary">
<arg>${Homepage_URL}</arg>
<arg>${browser}</arg>
<doc>Opens a new browser instance to the optional ``url``.</doc>
<msg timestamp="20220418 14:11:37.813" level="INFO">Opening browser 'chrome' to base url 'http://qacourse.churlinoski.mk/'.</msg>
<status status="PASS" starttime="20220418 14:11:37.812" endtime="20220418 14:11:39.951"/>
</kw>
<kw name="Maximize Browser Window" library="SeleniumLibrary">
<doc>Maximizes current browser window.</doc>
<status status="PASS" starttime="20220418 14:11:39.951" endtime="20220418 14:11:40.084"/>
</kw>
<status status="PASS" starttime="20220418 14:11:37.811" endtime="20220418 14:11:40.086"/>
</kw>
<kw name="Log To Console" library="BuiltIn">
<arg>TC5</arg>
<doc>Logs the given message to the console.</doc>
<status status="PASS" starttime="20220418 14:11:40.088" endtime="20220418 14:11:40.090"/>
</kw>
<kw name="Close Browser" library="SeleniumLibrary" type="TEARDOWN">
<doc>Closes the current browser.</doc>
<status status="PASS" starttime="20220418 14:11:40.092" endtime="20220418 14:11:42.192"/>
</kw>
<status status="PASS" starttime="20220418 14:11:37.809" endtime="20220418 14:11:42.192"/>
</test>
<test id="s1-s4-t7" name="TC6">
<kw name="Open app" library="Common" type="SETUP">
<kw name="Open Browser" library="SeleniumLibrary">
<arg>${Homepage_URL}</arg>
<arg>${browser}</arg>
<doc>Opens a new browser instance to the optional ``url``.</doc>
<msg timestamp="20220418 14:11:42.193" level="INFO">Opening browser 'chrome' to base url 'http://qacourse.churlinoski.mk/'.</msg>
<status status="PASS" starttime="20220418 14:11:42.192" endtime="20220418 14:11:44.270"/>
</kw>
<kw name="Maximize Browser Window" library="SeleniumLibrary">
<doc>Maximizes current browser window.</doc>
<status status="PASS" starttime="20220418 14:11:44.270" endtime="20220418 14:11:44.400"/>
</kw>
<status status="PASS" starttime="20220418 14:11:42.192" endtime="20220418 14:11:44.401"/>
</kw>
<kw name="Log" library="BuiltIn">
<arg>new tc 6</arg>
<doc>Logs the given message with the given level.</doc>
<msg timestamp="20220418 14:11:44.402" level="INFO">new tc 6</msg>
<status status="PASS" starttime="20220418 14:11:44.401" endtime="20220418 14:11:44.402"/>
</kw>
<kw name="Close Browser" library="SeleniumLibrary" type="TEARDOWN">
<doc>Closes the current browser.</doc>
<status status="PASS" starttime="20220418 14:11:44.403" endtime="20220418 14:11:46.497"/>
</kw>
<status status="PASS" starttime="20220418 14:11:42.192" endtime="20220418 14:11:46.498"/>
</test>
<test id="s1-s4-t8" name="TC 10">
<kw name="Open app" library="Common" type="SETUP">
<kw name="Open Browser" library="SeleniumLibrary">
<arg>${Homepage_URL}</arg>
<arg>${browser}</arg>
<doc>Opens a new browser instance to the optional ``url``.</doc>
<msg timestamp="20220418 14:11:46.506" level="INFO">Opening browser 'chrome' to base url 'http://qacourse.churlinoski.mk/'.</msg>
<status status="PASS" starttime="20220418 14:11:46.505" endtime="20220418 14:11:48.581"/>
</kw>
<kw name="Maximize Browser Window" library="SeleniumLibrary">
<doc>Maximizes current browser window.</doc>
<status status="PASS" starttime="20220418 14:11:48.581" endtime="20220418 14:11:48.710"/>
</kw>
<status status="PASS" starttime="20220418 14:11:46.503" endtime="20220418 14:11:48.711"/>
</kw>
<kw name="Log" library="BuiltIn">
<arg>TC10</arg>
<doc>Logs the given message with the given level.</doc>
<msg timestamp="20220418 14:11:48.713" level="INFO">TC10</msg>
<status status="PASS" starttime="20220418 14:11:48.712" endtime="20220418 14:11:48.714"/>
</kw>
<kw name="Close Browser" library="SeleniumLibrary" type="TEARDOWN">
<doc>Closes the current browser.</doc>
<status status="PASS" starttime="20220418 14:11:48.717" endtime="20220418 14:11:50.812"/>
</kw>
<status status="PASS" starttime="20220418 14:11:46.500" endtime="20220418 14:11:50.812"/>
</test>
<status status="PASS" starttime="20220418 14:11:12.664" endtime="20220418 14:11:50.815"/>
</suite>
<status status="FAIL" starttime="20220418 14:10:04.665" endtime="20220418 14:11:50.829"/>
</suite>
<statistics>
<total>
<stat pass="12" fail="2" skip="0">All Tests</stat>
</total>
<tag>
</tag>
<suite>
<stat pass="12" fail="2" skip="0" id="s1" name="Tests">Tests</stat>
<stat pass="3" fail="0" skip="0" id="s1-s1" name="Login">Tests.Login</stat>
<stat pass="1" fail="0" skip="0" id="s1-s2" name="PDP">Tests.PDP</stat>
<stat pass="0" fail="2" skip="0" id="s1-s3" name="Register">Tests.Register</stat>
<stat pass="8" fail="0" skip="0" id="s1-s4" name="Search">Tests.Search</stat>
</suite>
</statistics>
<errors>
</errors>
</robot>
